<?xml version="1.0" encoding="UTF-8"?>
<!-- Generated by org.testng.reporters.JUnitReportReporter -->
<testsuite hostname="LAPTOP-Q88K5JJQ" failures="0" tests="3" name="TestNG.Keyword3" time="0.011" errors="0" timestamp="2022-10-17T14:24:30 IST" skipped="0">
  <testcase classname="TestNG.Keyword3" name="TC3" time="0.009"/>
  <system-out>
    <![CDATA[Runnig TC3]]>
  </system-out>
  <testcase classname="TestNG.Keyword3" name="TC2" time="0.001"/>
  <system-out>
    <![CDATA[Runnig TC2]]>
  </system-out>
  <testcase classname="TestNG.Keyword3" name="TC1" time="0.001"/>
  <system-out>
    <![CDATA[Runnig TC1]]>
  </system-out>
</testsuite> <!-- TestNG.Keyword3 -->
