<?xml version="1.0" encoding="UTF-8"?>
<!-- Generated by org.testng.reporters.JUnitReportReporter -->
<testsuite hostname="LAPTOP-Q88K5JJQ" failures="0" tests="2" name="POM_DDF_TestNG_Base_Class_Utility_Class.OrangeHRM_TestNG_Test_Class" time="42.811" errors="0" timestamp="2022-10-29T14:48:13 IST" skipped="0">
  <testcase classname="POM_DDF_TestNG_Base_Class_Utility_Class.OrangeHRM_TestNG_Test_Class" name="VerifyUsername" time="7.712"/>
  <system-out/>
  <testcase classname="POM_DDF_TestNG_Base_Class_Utility_Class.OrangeHRM_TestNG_Test_Class" name="VerifyTitle" time="35.099"/>
  <system-out/>
</testsuite> <!-- POM_DDF_TestNG_Base_Class_Utility_Class.OrangeHRM_TestNG_Test_Class -->
