<?xml version="1.0" encoding="UTF-8"?>
<!-- Generated by org.testng.reporters.JUnitReportReporter -->
<testsuite hostname="LAPTOP-Q88K5JJQ" failures="0" tests="2" name="TestNG.Keyword8" time="0.012" errors="0" timestamp="2022-10-17T14:37:42 IST" skipped="0">
  <testcase classname="TestNG.Keyword8" name="Logout" time="0.001"/>
  <system-out>
    <![CDATA[Runnig TC2]]>
  </system-out>
  <testcase classname="TestNG.Keyword8" name="login" time="0.011"/>
  <system-out>
    <![CDATA[Runnig TC1]]>
  </system-out>
</testsuite> <!-- TestNG.Keyword8 -->
