<?xml version="1.0" encoding="UTF-8"?>
<!-- Generated by org.testng.reporters.JUnitReportReporter -->
<testsuite hostname="LAPTOP-Q88K5JJQ" failures="0" tests="1" name="TestNG.Test3" time="0.009" errors="0" timestamp="2022-10-18T17:11:15 IST" skipped="0">
  <testcase classname="TestNG.Test3" name="TC6" time="0.009"/>
  <system-out>
    <![CDATA[Runnig TC6]]>
  </system-out>
</testsuite> <!-- TestNG.Test3 -->
