<?xml version="1.0" encoding="UTF-8"?>
<!-- Generated by org.testng.reporters.JUnitReportReporter -->
<testsuite hostname="LAPTOP-Q88K5JJQ" failures="0" tests="2" name="TestNG.Keywor10" time="0.011" errors="0" timestamp="2022-10-17T14:40:19 IST" skipped="1">
  <testcase classname="TestNG.Keywor10" name="TC2" time="0.011"/>
  <system-out>
    <![CDATA[Runnig TC2]]>
  </system-out>
  <testcase classname="TestNG.Keywor10" name="TC1">
    <skipped/>
  </testcase> <!-- TC1 -->
  <system-out/>
</testsuite> <!-- TestNG.Keywor10 -->
