<?xml version="1.0" encoding="UTF-8"?>
<!-- Generated by org.testng.reporters.JUnitReportReporter -->
<testsuite hostname="LAPTOP-Q88K5JJQ" failures="0" tests="2" name="TestNG.Test1" time="0.002" errors="0" timestamp="2022-10-18T16:56:12 IST" skipped="0">
  <testcase classname="TestNG.Test1" name="TC1" time="0.001"/>
  <system-out>
    <![CDATA[Runnig TC1]]>
  </system-out>
  <testcase classname="TestNG.Test1" name="TC2" time="0.001"/>
  <system-out>
    <![CDATA[Runnig TC2]]>
  </system-out>
</testsuite> <!-- TestNG.Test1 -->
