<?xml version="1.0" encoding="UTF-8"?>
<!-- Generated by org.testng.reporters.JUnitReportReporter -->
<testsuite hostname="LAPTOP-Q88K5JJQ" failures="0" tests="4" name="TestNG.Emailable_Report" time="0.013" errors="0" timestamp="2022-10-17T11:25:57 IST" skipped="0">
  <testcase classname="TestNG.Emailable_Report" name="TC2" time="0.001"/>
  <system-out>
    <![CDATA[Runnig TC2]]>
  </system-out>
  <testcase classname="TestNG.Emailable_Report" name="TC3" time="0.001"/>
  <system-out>
    <![CDATA[Runnig TC3]]>
  </system-out>
  <testcase classname="TestNG.Emailable_Report" name="TC4" time="0.001"/>
  <system-out>
    <![CDATA[Runnig TC4]]>
  </system-out>
  <testcase classname="TestNG.Emailable_Report" name="TC1" time="0.010"/>
  <system-out>
    <![CDATA[Runnig TC1]]>
  </system-out>
</testsuite> <!-- TestNG.Emailable_Report -->
