<?xml version="1.0" encoding="UTF-8"?>
<!-- Generated by org.testng.reporters.JUnitReportReporter -->
<testsuite hostname="LAPTOP-Q88K5JJQ" failures="0" tests="1" name="TestNG.Test2" time="0.001" errors="0" timestamp="2022-10-18T17:11:15 IST" skipped="0">
  <testcase classname="TestNG.Test2" name="TC3" time="0.001"/>
  <system-out>
    <![CDATA[Runnig TC3]]>
  </system-out>
</testsuite> <!-- TestNG.Test2 -->
