<?xml version="1.0" encoding="UTF-8"?>
<!-- Generated by org.testng.reporters.JUnitReportReporter -->
<testsuite hostname="LAPTOP-Q88K5JJQ" failures="0" tests="5" name="TestNG.Keyword6" time="0.015" errors="0" timestamp="2022-10-17T14:28:54 IST" skipped="0">
  <testcase classname="TestNG.Keyword6" name="TC5" time="0.011"/>
  <system-out>
    <![CDATA[Runnig TC5]]>
  </system-out>
  <testcase classname="TestNG.Keyword6" name="TC4" time="0.001"/>
  <system-out>
    <![CDATA[Runnig TC4]]>
  </system-out>
  <testcase classname="TestNG.Keyword6" name="TC2" time="0.001"/>
  <system-out>
    <![CDATA[Runnig TC2]]>
  </system-out>
  <testcase classname="TestNG.Keyword6" name="TC3" time="0.001"/>
  <system-out>
    <![CDATA[Runnig TC3]]>
  </system-out>
  <testcase classname="TestNG.Keyword6" name="TC1" time="0.001"/>
  <system-out>
    <![CDATA[Runnig TC1]]>
  </system-out>
</testsuite> <!-- TestNG.Keyword6 -->
