<?xml version="1.0" encoding="UTF-8"?>
<!-- Generated by org.testng.reporters.JUnitReportReporter -->
<testsuite hostname="LAPTOP-Q88K5JJQ" failures="0" tests="1" name="TestNG.TestNG_Class" time="30.082" errors="0" timestamp="2022-10-16T23:15:47 IST" skipped="0">
  <testcase classname="TestNG.TestNG_Class" name="TC1" time="30.082"/>
  <system-out/>
</testsuite> <!-- TestNG.TestNG_Class -->
