<?xml version="1.0" encoding="UTF-8"?>
<!-- Generated by org.testng.reporters.JUnitReportReporter -->
<testsuite hostname="LAPTOP-Q88K5JJQ" failures="0" tests="10" name="TestNG.Keyword1" time="0.017" errors="0" timestamp="2022-10-17T14:18:18 IST" skipped="0">
  <testcase classname="TestNG.Keyword1" name="TC1" time="0.001"/>
  <system-out>
    <![CDATA[Runnig TC1]]>
  </system-out>
  <testcase classname="TestNG.Keyword1" name="TC1" time="0.000"/>
  <system-out>
    <![CDATA[Runnig TC1]]>
  </system-out>
  <testcase classname="TestNG.Keyword1" name="TC1" time="0.001"/>
  <system-out>
    <![CDATA[Runnig TC1]]>
  </system-out>
  <testcase classname="TestNG.Keyword1" name="TC1" time="0.001"/>
  <system-out>
    <![CDATA[Runnig TC1]]>
  </system-out>
  <testcase classname="TestNG.Keyword1" name="TC1" time="0.000"/>
  <system-out>
    <![CDATA[Runnig TC1]]>
  </system-out>
  <testcase classname="TestNG.Keyword1" name="TC1" time="0.001"/>
  <system-out>
    <![CDATA[Runnig TC1]]>
  </system-out>
  <testcase classname="TestNG.Keyword1" name="TC1" time="0.001"/>
  <system-out>
    <![CDATA[Runnig TC1]]>
  </system-out>
  <testcase classname="TestNG.Keyword1" name="TC1" time="0.010"/>
  <system-out>
    <![CDATA[Runnig TC1]]>
  </system-out>
  <testcase classname="TestNG.Keyword1" name="TC1" time="0.001"/>
  <system-out>
    <![CDATA[Runnig TC1]]>
  </system-out>
  <testcase classname="TestNG.Keyword1" name="TC1" time="0.001"/>
  <system-out>
    <![CDATA[Runnig TC1]]>
  </system-out>
</testsuite> <!-- TestNG.Keyword1 -->
